2017-03-30 07:41:33 [127.0.0.1][-][-][error][yii\web\HttpException:404] exception 'yii\base\InvalidRouteException' with message 'Unable to resolve the request "".' in E:\www\APPPUAMAP\vendor\yiisoft\yii2\base\Module.php:462
Stack trace:
#0 E:\www\APPPUAMAP\vendor\yiisoft\yii2\web\Application.php(103): yii\base\Module->runAction('', Array)
#1 E:\www\APPPUAMAP\vendor\yiisoft\yii2\base\Application.php(376): yii\web\Application->handleRequest(Object(yii\web\Request))
#2 E:\www\APPPUAMAP\www\pc\index.php(13): yii\base\Application->run()
#3 {main}

Next exception 'yii\web\NotFoundHttpException' with message '页面未找到。' in E:\www\APPPUAMAP\vendor\yiisoft\yii2\web\Application.php:115
Stack trace:
#0 E:\www\APPPUAMAP\vendor\yiisoft\yii2\base\Application.php(376): yii\web\Application->handleRequest(Object(yii\web\Request))
#1 E:\www\APPPUAMAP\www\pc\index.php(13): yii\base\Application->run()
#2 {main}
2017-03-30 07:41:33 [127.0.0.1][-][-][info][application] $_COOKIE = [
    '_csrf-frontend' => 'Y7UP6Q7PcmnqtB_HTryyZksTstwCJ8yw'
    'PHPSESSID' => 'o7icreb9mmap9dbdlu19cf3434'
]

$_SERVER = [
    'HTTP_HOST' => 'huati.pc.com:8088'
    'HTTP_USER_AGENT' => 'Mozilla/5.0 (Windows NT 10.0; WOW64; rv:52.0) Gecko/20100101 Firefox/52.0'
    'HTTP_ACCEPT' => 'text/html,application/xhtml+xml,application/xml;q=0.9,*/*;q=0.8'
    'HTTP_ACCEPT_LANGUAGE' => 'zh-CN,zh;q=0.8,en-US;q=0.5,en;q=0.3'
    'HTTP_ACCEPT_ENCODING' => 'gzip, deflate'
    'HTTP_COOKIE' => '_csrf-frontend=Y7UP6Q7PcmnqtB_HTryyZksTstwCJ8yw; PHPSESSID=o7icreb9mmap9dbdlu19cf3434'
    'HTTP_CONNECTION' => 'keep-alive'
    'HTTP_UPGRADE_INSECURE_REQUESTS' => '1'
    'HTTP_CACHE_CONTROL' => 'max-age=0'
    'PATH' => 'E:\\app\\admin\\product\\11.2.0\\dbhome_1\\bin;E:\\Program Files\\ImageMagick-7.0.3-Q16;C:\\ProgramData\\Oracle\\Java\\javapath;C:\\Program Files (x86)\\Common Files\\NetSarang;C:\\Windows\\system32;C:\\Windows;C:\\Windows\\System32\\Wbem;C:\\Windows\\System32\\WindowsPowerShell\\v1.0\\;C:\\Program Files (x86)\\NVIDIA Corporation\\PhysX\\Common;C:\\Python27;C:\\Python27\\Scripts;C:\\adb;E:\\JavaBean\\lib;E:\\nodejs\\;C:\\Program Files\\Microsoft\\Web Platform Installer\\;C:\\Program Files (x86)\\Microsoft ASP.NET\\ASP.NET Web Pages\\v1.0\\;C:\\Program Files (x86)\\Windows Kits\\8.0\\Windows Performance Toolkit\\;C:\\Program Files\\Microsoft SQL Server\\110\\Tools\\Binn\\;C:\\Program Files (x86)\\GtkSharp\\2.12\\bin;E:\\javaBean\\bin;C:\\WINDOWS\\system32;C:\\WINDOWS;C:\\WINDOWS\\System32\\Wbem;C:\\WINDOWS\\System32\\WindowsPowerShell\\v1.0\\;C:\\wamp\\Wamp\\bin\\php\\php5.5.12;C:\\wamp\\Wamp\\bin\\php\\php5.5.12\\ext;E:\\PHP-Gtk2;C:\\Program Files (x86)\\Microsoft SQL Server\\100\\Tools\\Binn\\;C:\\Program Files\\Microsoft SQL Server\\100\\Tools\\Binn\\;C:\\Program Files\\Microsoft SQL Server\\100\\DTS\\Binn\\;C:\\Program Files (x86)\\Microsoft SQL Server\\100\\Tools\\Binn\\VSShell\\Common7\\IDE\\;C:\\Program Files (x86)\\Microsoft Visual Studio 9.0\\Common7\\IDE\\PrivateAssemblies\\;C:\\Program Files (x86)\\Microsoft SQL Server\\100\\DTS\\Binn\\;C:\\ProgramData\\ComposerSetup\\bin;C:\\WINDOWS\\system32\\config\\systemprofile\\AppData\\Local\\Microsoft\\WindowsApps'
    'SystemRoot' => 'C:\\WINDOWS'
    'COMSPEC' => 'C:\\WINDOWS\\system32\\cmd.exe'
    'PATHEXT' => '.COM;.EXE;.BAT;.CMD;.VBS;.VBE;.JS;.JSE;.WSF;.WSH;.MSC'
    'WINDIR' => 'C:\\WINDOWS'
    'SERVER_SIGNATURE' => '<address>Apache/2.4.9 (Win32) PHP/5.5.12 Server at huati.pc.com Port 8088</address>
'
    'SERVER_SOFTWARE' => 'Apache/2.4.9 (Win32) PHP/5.5.12'
    'SERVER_NAME' => 'huati.pc.com'
    'SERVER_ADDR' => '127.0.0.1'
    'SERVER_PORT' => '8088'
    'REMOTE_ADDR' => '127.0.0.1'
    'DOCUMENT_ROOT' => 'E:/www/APPPUAMAP/www/pc'
    'REQUEST_SCHEME' => 'http'
    'CONTEXT_PREFIX' => ''
    'CONTEXT_DOCUMENT_ROOT' => 'E:/www/APPPUAMAP/www/pc'
    'SERVER_ADMIN' => 'admin@example.com'
    'SCRIPT_FILENAME' => 'E:/www/APPPUAMAP/www/pc/index.php'
    'REMOTE_PORT' => '55490'
    'GATEWAY_INTERFACE' => 'CGI/1.1'
    'SERVER_PROTOCOL' => 'HTTP/1.1'
    'REQUEST_METHOD' => 'GET'
    'QUERY_STRING' => ''
    'REQUEST_URI' => '/'
    'SCRIPT_NAME' => '/index.php'
    'PHP_SELF' => '/index.php'
    'REQUEST_TIME_FLOAT' => 1490852493.057
    'REQUEST_TIME' => 1490852493
]
2017-03-30 07:42:08 [127.0.0.1][-][-][error][yii\web\HttpException:404] exception 'yii\base\InvalidRouteException' with message 'Unable to resolve the request "".' in E:\www\APPPUAMAP\vendor\yiisoft\yii2\base\Module.php:462
Stack trace:
#0 E:\www\APPPUAMAP\vendor\yiisoft\yii2\web\Application.php(103): yii\base\Module->runAction('', Array)
#1 E:\www\APPPUAMAP\vendor\yiisoft\yii2\base\Application.php(376): yii\web\Application->handleRequest(Object(yii\web\Request))
#2 E:\www\APPPUAMAP\www\pc\index.php(13): yii\base\Application->run()
#3 {main}

Next exception 'yii\web\NotFoundHttpException' with message '页面未找到。' in E:\www\APPPUAMAP\vendor\yiisoft\yii2\web\Application.php:115
Stack trace:
#0 E:\www\APPPUAMAP\vendor\yiisoft\yii2\base\Application.php(376): yii\web\Application->handleRequest(Object(yii\web\Request))
#1 E:\www\APPPUAMAP\www\pc\index.php(13): yii\base\Application->run()
#2 {main}
2017-03-30 07:42:08 [127.0.0.1][-][-][info][application] $_COOKIE = [
    '_csrf-frontend' => 'Y7UP6Q7PcmnqtB_HTryyZksTstwCJ8yw'
    'PHPSESSID' => 'o7icreb9mmap9dbdlu19cf3434'
]

$_SERVER = [
    'HTTP_HOST' => 'huati.pc.com:8088'
    'HTTP_USER_AGENT' => 'Mozilla/5.0 (Windows NT 10.0; WOW64; rv:52.0) Gecko/20100101 Firefox/52.0'
    'HTTP_ACCEPT' => 'text/html,application/xhtml+xml,application/xml;q=0.9,*/*;q=0.8'
    'HTTP_ACCEPT_LANGUAGE' => 'zh-CN,zh;q=0.8,en-US;q=0.5,en;q=0.3'
    'HTTP_ACCEPT_ENCODING' => 'gzip, deflate'
    'HTTP_COOKIE' => '_csrf-frontend=Y7UP6Q7PcmnqtB_HTryyZksTstwCJ8yw; PHPSESSID=o7icreb9mmap9dbdlu19cf3434'
    'HTTP_CONNECTION' => 'keep-alive'
    'HTTP_UPGRADE_INSECURE_REQUESTS' => '1'
    'HTTP_CACHE_CONTROL' => 'max-age=0'
    'PATH' => 'E:\\app\\admin\\product\\11.2.0\\dbhome_1\\bin;E:\\Program Files\\ImageMagick-7.0.3-Q16;C:\\ProgramData\\Oracle\\Java\\javapath;C:\\Program Files (x86)\\Common Files\\NetSarang;C:\\Windows\\system32;C:\\Windows;C:\\Windows\\System32\\Wbem;C:\\Windows\\System32\\WindowsPowerShell\\v1.0\\;C:\\Program Files (x86)\\NVIDIA Corporation\\PhysX\\Common;C:\\Python27;C:\\Python27\\Scripts;C:\\adb;E:\\JavaBean\\lib;E:\\nodejs\\;C:\\Program Files\\Microsoft\\Web Platform Installer\\;C:\\Program Files (x86)\\Microsoft ASP.NET\\ASP.NET Web Pages\\v1.0\\;C:\\Program Files (x86)\\Windows Kits\\8.0\\Windows Performance Toolkit\\;C:\\Program Files\\Microsoft SQL Server\\110\\Tools\\Binn\\;C:\\Program Files (x86)\\GtkSharp\\2.12\\bin;E:\\javaBean\\bin;C:\\WINDOWS\\system32;C:\\WINDOWS;C:\\WINDOWS\\System32\\Wbem;C:\\WINDOWS\\System32\\WindowsPowerShell\\v1.0\\;C:\\wamp\\Wamp\\bin\\php\\php5.5.12;C:\\wamp\\Wamp\\bin\\php\\php5.5.12\\ext;E:\\PHP-Gtk2;C:\\Program Files (x86)\\Microsoft SQL Server\\100\\Tools\\Binn\\;C:\\Program Files\\Microsoft SQL Server\\100\\Tools\\Binn\\;C:\\Program Files\\Microsoft SQL Server\\100\\DTS\\Binn\\;C:\\Program Files (x86)\\Microsoft SQL Server\\100\\Tools\\Binn\\VSShell\\Common7\\IDE\\;C:\\Program Files (x86)\\Microsoft Visual Studio 9.0\\Common7\\IDE\\PrivateAssemblies\\;C:\\Program Files (x86)\\Microsoft SQL Server\\100\\DTS\\Binn\\;C:\\ProgramData\\ComposerSetup\\bin;C:\\WINDOWS\\system32\\config\\systemprofile\\AppData\\Local\\Microsoft\\WindowsApps'
    'SystemRoot' => 'C:\\WINDOWS'
    'COMSPEC' => 'C:\\WINDOWS\\system32\\cmd.exe'
    'PATHEXT' => '.COM;.EXE;.BAT;.CMD;.VBS;.VBE;.JS;.JSE;.WSF;.WSH;.MSC'
    'WINDIR' => 'C:\\WINDOWS'
    'SERVER_SIGNATURE' => '<address>Apache/2.4.9 (Win32) PHP/5.5.12 Server at huati.pc.com Port 8088</address>
'
    'SERVER_SOFTWARE' => 'Apache/2.4.9 (Win32) PHP/5.5.12'
    'SERVER_NAME' => 'huati.pc.com'
    'SERVER_ADDR' => '127.0.0.1'
    'SERVER_PORT' => '8088'
    'REMOTE_ADDR' => '127.0.0.1'
    'DOCUMENT_ROOT' => 'E:/www/APPPUAMAP/www/pc'
    'REQUEST_SCHEME' => 'http'
    'CONTEXT_PREFIX' => ''
    'CONTEXT_DOCUMENT_ROOT' => 'E:/www/APPPUAMAP/www/pc'
    'SERVER_ADMIN' => 'admin@example.com'
    'SCRIPT_FILENAME' => 'E:/www/APPPUAMAP/www/pc/index.php'
    'REMOTE_PORT' => '55497'
    'GATEWAY_INTERFACE' => 'CGI/1.1'
    'SERVER_PROTOCOL' => 'HTTP/1.1'
    'REQUEST_METHOD' => 'GET'
    'QUERY_STRING' => ''
    'REQUEST_URI' => '/'
    'SCRIPT_NAME' => '/index.php'
    'PHP_SELF' => '/index.php'
    'REQUEST_TIME_FLOAT' => 1490852528.457
    'REQUEST_TIME' => 1490852528
]
2017-03-30 07:42:09 [127.0.0.1][-][-][error][yii\web\HttpException:404] exception 'yii\base\InvalidRouteException' with message 'Unable to resolve the request "".' in E:\www\APPPUAMAP\vendor\yiisoft\yii2\base\Module.php:462
Stack trace:
#0 E:\www\APPPUAMAP\vendor\yiisoft\yii2\web\Application.php(103): yii\base\Module->runAction('', Array)
#1 E:\www\APPPUAMAP\vendor\yiisoft\yii2\base\Application.php(376): yii\web\Application->handleRequest(Object(yii\web\Request))
#2 E:\www\APPPUAMAP\www\pc\index.php(13): yii\base\Application->run()
#3 {main}

Next exception 'yii\web\NotFoundHttpException' with message '页面未找到。' in E:\www\APPPUAMAP\vendor\yiisoft\yii2\web\Application.php:115
Stack trace:
#0 E:\www\APPPUAMAP\vendor\yiisoft\yii2\base\Application.php(376): yii\web\Application->handleRequest(Object(yii\web\Request))
#1 E:\www\APPPUAMAP\www\pc\index.php(13): yii\base\Application->run()
#2 {main}
2017-03-30 07:42:09 [127.0.0.1][-][-][info][application] $_COOKIE = [
    '_csrf-frontend' => 'Y7UP6Q7PcmnqtB_HTryyZksTstwCJ8yw'
    'PHPSESSID' => 'o7icreb9mmap9dbdlu19cf3434'
]

$_SERVER = [
    'HTTP_HOST' => 'huati.pc.com:8088'
    'HTTP_USER_AGENT' => 'Mozilla/5.0 (Windows NT 10.0; WOW64; rv:52.0) Gecko/20100101 Firefox/52.0'
    'HTTP_ACCEPT' => 'text/html,application/xhtml+xml,application/xml;q=0.9,*/*;q=0.8'
    'HTTP_ACCEPT_LANGUAGE' => 'zh-CN,zh;q=0.8,en-US;q=0.5,en;q=0.3'
    'HTTP_ACCEPT_ENCODING' => 'gzip, deflate'
    'HTTP_COOKIE' => '_csrf-frontend=Y7UP6Q7PcmnqtB_HTryyZksTstwCJ8yw; PHPSESSID=o7icreb9mmap9dbdlu19cf3434'
    'HTTP_CONNECTION' => 'keep-alive'
    'HTTP_UPGRADE_INSECURE_REQUESTS' => '1'
    'HTTP_CACHE_CONTROL' => 'max-age=0'
    'PATH' => 'E:\\app\\admin\\product\\11.2.0\\dbhome_1\\bin;E:\\Program Files\\ImageMagick-7.0.3-Q16;C:\\ProgramData\\Oracle\\Java\\javapath;C:\\Program Files (x86)\\Common Files\\NetSarang;C:\\Windows\\system32;C:\\Windows;C:\\Windows\\System32\\Wbem;C:\\Windows\\System32\\WindowsPowerShell\\v1.0\\;C:\\Program Files (x86)\\NVIDIA Corporation\\PhysX\\Common;C:\\Python27;C:\\Python27\\Scripts;C:\\adb;E:\\JavaBean\\lib;E:\\nodejs\\;C:\\Program Files\\Microsoft\\Web Platform Installer\\;C:\\Program Files (x86)\\Microsoft ASP.NET\\ASP.NET Web Pages\\v1.0\\;C:\\Program Files (x86)\\Windows Kits\\8.0\\Windows Performance Toolkit\\;C:\\Program Files\\Microsoft SQL Server\\110\\Tools\\Binn\\;C:\\Program Files (x86)\\GtkSharp\\2.12\\bin;E:\\javaBean\\bin;C:\\WINDOWS\\system32;C:\\WINDOWS;C:\\WINDOWS\\System32\\Wbem;C:\\WINDOWS\\System32\\WindowsPowerShell\\v1.0\\;C:\\wamp\\Wamp\\bin\\php\\php5.5.12;C:\\wamp\\Wamp\\bin\\php\\php5.5.12\\ext;E:\\PHP-Gtk2;C:\\Program Files (x86)\\Microsoft SQL Server\\100\\Tools\\Binn\\;C:\\Program Files\\Microsoft SQL Server\\100\\Tools\\Binn\\;C:\\Program Files\\Microsoft SQL Server\\100\\DTS\\Binn\\;C:\\Program Files (x86)\\Microsoft SQL Server\\100\\Tools\\Binn\\VSShell\\Common7\\IDE\\;C:\\Program Files (x86)\\Microsoft Visual Studio 9.0\\Common7\\IDE\\PrivateAssemblies\\;C:\\Program Files (x86)\\Microsoft SQL Server\\100\\DTS\\Binn\\;C:\\ProgramData\\ComposerSetup\\bin;C:\\WINDOWS\\system32\\config\\systemprofile\\AppData\\Local\\Microsoft\\WindowsApps'
    'SystemRoot' => 'C:\\WINDOWS'
    'COMSPEC' => 'C:\\WINDOWS\\system32\\cmd.exe'
    'PATHEXT' => '.COM;.EXE;.BAT;.CMD;.VBS;.VBE;.JS;.JSE;.WSF;.WSH;.MSC'
    'WINDIR' => 'C:\\WINDOWS'
    'SERVER_SIGNATURE' => '<address>Apache/2.4.9 (Win32) PHP/5.5.12 Server at huati.pc.com Port 8088</address>
'
    'SERVER_SOFTWARE' => 'Apache/2.4.9 (Win32) PHP/5.5.12'
    'SERVER_NAME' => 'huati.pc.com'
    'SERVER_ADDR' => '127.0.0.1'
    'SERVER_PORT' => '8088'
    'REMOTE_ADDR' => '127.0.0.1'
    'DOCUMENT_ROOT' => 'E:/www/APPPUAMAP/www/pc'
    'REQUEST_SCHEME' => 'http'
    'CONTEXT_PREFIX' => ''
    'CONTEXT_DOCUMENT_ROOT' => 'E:/www/APPPUAMAP/www/pc'
    'SERVER_ADMIN' => 'admin@example.com'
    'SCRIPT_FILENAME' => 'E:/www/APPPUAMAP/www/pc/index.php'
    'REMOTE_PORT' => '55497'
    'GATEWAY_INTERFACE' => 'CGI/1.1'
    'SERVER_PROTOCOL' => 'HTTP/1.1'
    'REQUEST_METHOD' => 'GET'
    'QUERY_STRING' => ''
    'REQUEST_URI' => '/'
    'SCRIPT_NAME' => '/index.php'
    'PHP_SELF' => '/index.php'
    'REQUEST_TIME_FLOAT' => 1490852529.124
    'REQUEST_TIME' => 1490852529
]
2017-03-30 07:42:09 [127.0.0.1][-][-][error][yii\web\HttpException:404] exception 'yii\base\InvalidRouteException' with message 'Unable to resolve the request "".' in E:\www\APPPUAMAP\vendor\yiisoft\yii2\base\Module.php:462
Stack trace:
#0 E:\www\APPPUAMAP\vendor\yiisoft\yii2\web\Application.php(103): yii\base\Module->runAction('', Array)
#1 E:\www\APPPUAMAP\vendor\yiisoft\yii2\base\Application.php(376): yii\web\Application->handleRequest(Object(yii\web\Request))
#2 E:\www\APPPUAMAP\www\pc\index.php(13): yii\base\Application->run()
#3 {main}

Next exception 'yii\web\NotFoundHttpException' with message '页面未找到。' in E:\www\APPPUAMAP\vendor\yiisoft\yii2\web\Application.php:115
Stack trace:
#0 E:\www\APPPUAMAP\vendor\yiisoft\yii2\base\Application.php(376): yii\web\Application->handleRequest(Object(yii\web\Request))
#1 E:\www\APPPUAMAP\www\pc\index.php(13): yii\base\Application->run()
#2 {main}
2017-03-30 07:42:09 [127.0.0.1][-][-][info][application] $_COOKIE = [
    '_csrf-frontend' => 'Y7UP6Q7PcmnqtB_HTryyZksTstwCJ8yw'
    'PHPSESSID' => 'o7icreb9mmap9dbdlu19cf3434'
]

$_SERVER = [
    'HTTP_HOST' => 'huati.pc.com:8088'
    'HTTP_USER_AGENT' => 'Mozilla/5.0 (Windows NT 10.0; WOW64; rv:52.0) Gecko/20100101 Firefox/52.0'
    'HTTP_ACCEPT' => 'text/html,application/xhtml+xml,application/xml;q=0.9,*/*;q=0.8'
    'HTTP_ACCEPT_LANGUAGE' => 'zh-CN,zh;q=0.8,en-US;q=0.5,en;q=0.3'
    'HTTP_ACCEPT_ENCODING' => 'gzip, deflate'
    'HTTP_COOKIE' => '_csrf-frontend=Y7UP6Q7PcmnqtB_HTryyZksTstwCJ8yw; PHPSESSID=o7icreb9mmap9dbdlu19cf3434'
    'HTTP_CONNECTION' => 'keep-alive'
    'HTTP_UPGRADE_INSECURE_REQUESTS' => '1'
    'HTTP_CACHE_CONTROL' => 'max-age=0'
    'PATH' => 'E:\\app\\admin\\product\\11.2.0\\dbhome_1\\bin;E:\\Program Files\\ImageMagick-7.0.3-Q16;C:\\ProgramData\\Oracle\\Java\\javapath;C:\\Program Files (x86)\\Common Files\\NetSarang;C:\\Windows\\system32;C:\\Windows;C:\\Windows\\System32\\Wbem;C:\\Windows\\System32\\WindowsPowerShell\\v1.0\\;C:\\Program Files (x86)\\NVIDIA Corporation\\PhysX\\Common;C:\\Python27;C:\\Python27\\Scripts;C:\\adb;E:\\JavaBean\\lib;E:\\nodejs\\;C:\\Program Files\\Microsoft\\Web Platform Installer\\;C:\\Program Files (x86)\\Microsoft ASP.NET\\ASP.NET Web Pages\\v1.0\\;C:\\Program Files (x86)\\Windows Kits\\8.0\\Windows Performance Toolkit\\;C:\\Program Files\\Microsoft SQL Server\\110\\Tools\\Binn\\;C:\\Program Files (x86)\\GtkSharp\\2.12\\bin;E:\\javaBean\\bin;C:\\WINDOWS\\system32;C:\\WINDOWS;C:\\WINDOWS\\System32\\Wbem;C:\\WINDOWS\\System32\\WindowsPowerShell\\v1.0\\;C:\\wamp\\Wamp\\bin\\php\\php5.5.12;C:\\wamp\\Wamp\\bin\\php\\php5.5.12\\ext;E:\\PHP-Gtk2;C:\\Program Files (x86)\\Microsoft SQL Server\\100\\Tools\\Binn\\;C:\\Program Files\\Microsoft SQL Server\\100\\Tools\\Binn\\;C:\\Program Files\\Microsoft SQL Server\\100\\DTS\\Binn\\;C:\\Program Files (x86)\\Microsoft SQL Server\\100\\Tools\\Binn\\VSShell\\Common7\\IDE\\;C:\\Program Files (x86)\\Microsoft Visual Studio 9.0\\Common7\\IDE\\PrivateAssemblies\\;C:\\Program Files (x86)\\Microsoft SQL Server\\100\\DTS\\Binn\\;C:\\ProgramData\\ComposerSetup\\bin;C:\\WINDOWS\\system32\\config\\systemprofile\\AppData\\Local\\Microsoft\\WindowsApps'
    'SystemRoot' => 'C:\\WINDOWS'
    'COMSPEC' => 'C:\\WINDOWS\\system32\\cmd.exe'
    'PATHEXT' => '.COM;.EXE;.BAT;.CMD;.VBS;.VBE;.JS;.JSE;.WSF;.WSH;.MSC'
    'WINDIR' => 'C:\\WINDOWS'
    'SERVER_SIGNATURE' => '<address>Apache/2.4.9 (Win32) PHP/5.5.12 Server at huati.pc.com Port 8088</address>
'
    'SERVER_SOFTWARE' => 'Apache/2.4.9 (Win32) PHP/5.5.12'
    'SERVER_NAME' => 'huati.pc.com'
    'SERVER_ADDR' => '127.0.0.1'
    'SERVER_PORT' => '8088'
    'REMOTE_ADDR' => '127.0.0.1'
    'DOCUMENT_ROOT' => 'E:/www/APPPUAMAP/www/pc'
    'REQUEST_SCHEME' => 'http'
    'CONTEXT_PREFIX' => ''
    'CONTEXT_DOCUMENT_ROOT' => 'E:/www/APPPUAMAP/www/pc'
    'SERVER_ADMIN' => 'admin@example.com'
    'SCRIPT_FILENAME' => 'E:/www/APPPUAMAP/www/pc/index.php'
    'REMOTE_PORT' => '55497'
    'GATEWAY_INTERFACE' => 'CGI/1.1'
    'SERVER_PROTOCOL' => 'HTTP/1.1'
    'REQUEST_METHOD' => 'GET'
    'QUERY_STRING' => ''
    'REQUEST_URI' => '/'
    'SCRIPT_NAME' => '/index.php'
    'PHP_SELF' => '/index.php'
    'REQUEST_TIME_FLOAT' => 1490852529.603
    'REQUEST_TIME' => 1490852529
]
2017-03-30 07:42:09 [127.0.0.1][-][-][error][yii\web\HttpException:404] exception 'yii\base\InvalidRouteException' with message 'Unable to resolve the request "".' in E:\www\APPPUAMAP\vendor\yiisoft\yii2\base\Module.php:462
Stack trace:
#0 E:\www\APPPUAMAP\vendor\yiisoft\yii2\web\Application.php(103): yii\base\Module->runAction('', Array)
#1 E:\www\APPPUAMAP\vendor\yiisoft\yii2\base\Application.php(376): yii\web\Application->handleRequest(Object(yii\web\Request))
#2 E:\www\APPPUAMAP\www\pc\index.php(13): yii\base\Application->run()
#3 {main}

Next exception 'yii\web\NotFoundHttpException' with message '页面未找到。' in E:\www\APPPUAMAP\vendor\yiisoft\yii2\web\Application.php:115
Stack trace:
#0 E:\www\APPPUAMAP\vendor\yiisoft\yii2\base\Application.php(376): yii\web\Application->handleRequest(Object(yii\web\Request))
#1 E:\www\APPPUAMAP\www\pc\index.php(13): yii\base\Application->run()
#2 {main}
2017-03-30 07:42:09 [127.0.0.1][-][-][info][application] $_COOKIE = [
    '_csrf-frontend' => 'Y7UP6Q7PcmnqtB_HTryyZksTstwCJ8yw'
    'PHPSESSID' => 'o7icreb9mmap9dbdlu19cf3434'
]

$_SERVER = [
    'HTTP_HOST' => 'huati.pc.com:8088'
    'HTTP_USER_AGENT' => 'Mozilla/5.0 (Windows NT 10.0; WOW64; rv:52.0) Gecko/20100101 Firefox/52.0'
    'HTTP_ACCEPT' => 'text/html,application/xhtml+xml,application/xml;q=0.9,*/*;q=0.8'
    'HTTP_ACCEPT_LANGUAGE' => 'zh-CN,zh;q=0.8,en-US;q=0.5,en;q=0.3'
    'HTTP_ACCEPT_ENCODING' => 'gzip, deflate'
    'HTTP_COOKIE' => '_csrf-frontend=Y7UP6Q7PcmnqtB_HTryyZksTstwCJ8yw; PHPSESSID=o7icreb9mmap9dbdlu19cf3434'
    'HTTP_CONNECTION' => 'keep-alive'
    'HTTP_UPGRADE_INSECURE_REQUESTS' => '1'
    'HTTP_CACHE_CONTROL' => 'max-age=0'
    'PATH' => 'E:\\app\\admin\\product\\11.2.0\\dbhome_1\\bin;E:\\Program Files\\ImageMagick-7.0.3-Q16;C:\\ProgramData\\Oracle\\Java\\javapath;C:\\Program Files (x86)\\Common Files\\NetSarang;C:\\Windows\\system32;C:\\Windows;C:\\Windows\\System32\\Wbem;C:\\Windows\\System32\\WindowsPowerShell\\v1.0\\;C:\\Program Files (x86)\\NVIDIA Corporation\\PhysX\\Common;C:\\Python27;C:\\Python27\\Scripts;C:\\adb;E:\\JavaBean\\lib;E:\\nodejs\\;C:\\Program Files\\Microsoft\\Web Platform Installer\\;C:\\Program Files (x86)\\Microsoft ASP.NET\\ASP.NET Web Pages\\v1.0\\;C:\\Program Files (x86)\\Windows Kits\\8.0\\Windows Performance Toolkit\\;C:\\Program Files\\Microsoft SQL Server\\110\\Tools\\Binn\\;C:\\Program Files (x86)\\GtkSharp\\2.12\\bin;E:\\javaBean\\bin;C:\\WINDOWS\\system32;C:\\WINDOWS;C:\\WINDOWS\\System32\\Wbem;C:\\WINDOWS\\System32\\WindowsPowerShell\\v1.0\\;C:\\wamp\\Wamp\\bin\\php\\php5.5.12;C:\\wamp\\Wamp\\bin\\php\\php5.5.12\\ext;E:\\PHP-Gtk2;C:\\Program Files (x86)\\Microsoft SQL Server\\100\\Tools\\Binn\\;C:\\Program Files\\Microsoft SQL Server\\100\\Tools\\Binn\\;C:\\Program Files\\Microsoft SQL Server\\100\\DTS\\Binn\\;C:\\Program Files (x86)\\Microsoft SQL Server\\100\\Tools\\Binn\\VSShell\\Common7\\IDE\\;C:\\Program Files (x86)\\Microsoft Visual Studio 9.0\\Common7\\IDE\\PrivateAssemblies\\;C:\\Program Files (x86)\\Microsoft SQL Server\\100\\DTS\\Binn\\;C:\\ProgramData\\ComposerSetup\\bin;C:\\WINDOWS\\system32\\config\\systemprofile\\AppData\\Local\\Microsoft\\WindowsApps'
    'SystemRoot' => 'C:\\WINDOWS'
    'COMSPEC' => 'C:\\WINDOWS\\system32\\cmd.exe'
    'PATHEXT' => '.COM;.EXE;.BAT;.CMD;.VBS;.VBE;.JS;.JSE;.WSF;.WSH;.MSC'
    'WINDIR' => 'C:\\WINDOWS'
    'SERVER_SIGNATURE' => '<address>Apache/2.4.9 (Win32) PHP/5.5.12 Server at huati.pc.com Port 8088</address>
'
    'SERVER_SOFTWARE' => 'Apache/2.4.9 (Win32) PHP/5.5.12'
    'SERVER_NAME' => 'huati.pc.com'
    'SERVER_ADDR' => '127.0.0.1'
    'SERVER_PORT' => '8088'
    'REMOTE_ADDR' => '127.0.0.1'
    'DOCUMENT_ROOT' => 'E:/www/APPPUAMAP/www/pc'
    'REQUEST_SCHEME' => 'http'
    'CONTEXT_PREFIX' => ''
    'CONTEXT_DOCUMENT_ROOT' => 'E:/www/APPPUAMAP/www/pc'
    'SERVER_ADMIN' => 'admin@example.com'
    'SCRIPT_FILENAME' => 'E:/www/APPPUAMAP/www/pc/index.php'
    'REMOTE_PORT' => '55498'
    'GATEWAY_INTERFACE' => 'CGI/1.1'
    'SERVER_PROTOCOL' => 'HTTP/1.1'
    'REQUEST_METHOD' => 'GET'
    'QUERY_STRING' => ''
    'REQUEST_URI' => '/'
    'SCRIPT_NAME' => '/index.php'
    'PHP_SELF' => '/index.php'
    'REQUEST_TIME_FLOAT' => 1490852529.632
    'REQUEST_TIME' => 1490852529
]
2017-03-30 07:42:09 [127.0.0.1][-][-][error][yii\web\HttpException:404] exception 'yii\base\InvalidRouteException' with message 'Unable to resolve the request "".' in E:\www\APPPUAMAP\vendor\yiisoft\yii2\base\Module.php:462
Stack trace:
#0 E:\www\APPPUAMAP\vendor\yiisoft\yii2\web\Application.php(103): yii\base\Module->runAction('', Array)
#1 E:\www\APPPUAMAP\vendor\yiisoft\yii2\base\Application.php(376): yii\web\Application->handleRequest(Object(yii\web\Request))
#2 E:\www\APPPUAMAP\www\pc\index.php(13): yii\base\Application->run()
#3 {main}

Next exception 'yii\web\NotFoundHttpException' with message '页面未找到。' in E:\www\APPPUAMAP\vendor\yiisoft\yii2\web\Application.php:115
Stack trace:
#0 E:\www\APPPUAMAP\vendor\yiisoft\yii2\base\Application.php(376): yii\web\Application->handleRequest(Object(yii\web\Request))
#1 E:\www\APPPUAMAP\www\pc\index.php(13): yii\base\Application->run()
#2 {main}
2017-03-30 07:42:09 [127.0.0.1][-][-][info][application] $_COOKIE = [
    '_csrf-frontend' => 'Y7UP6Q7PcmnqtB_HTryyZksTstwCJ8yw'
    'PHPSESSID' => 'o7icreb9mmap9dbdlu19cf3434'
]

$_SERVER = [
    'HTTP_HOST' => 'huati.pc.com:8088'
    'HTTP_USER_AGENT' => 'Mozilla/5.0 (Windows NT 10.0; WOW64; rv:52.0) Gecko/20100101 Firefox/52.0'
    'HTTP_ACCEPT' => 'text/html,application/xhtml+xml,application/xml;q=0.9,*/*;q=0.8'
    'HTTP_ACCEPT_LANGUAGE' => 'zh-CN,zh;q=0.8,en-US;q=0.5,en;q=0.3'
    'HTTP_ACCEPT_ENCODING' => 'gzip, deflate'
    'HTTP_COOKIE' => '_csrf-frontend=Y7UP6Q7PcmnqtB_HTryyZksTstwCJ8yw; PHPSESSID=o7icreb9mmap9dbdlu19cf3434'
    'HTTP_CONNECTION' => 'keep-alive'
    'HTTP_UPGRADE_INSECURE_REQUESTS' => '1'
    'HTTP_CACHE_CONTROL' => 'max-age=0'
    'PATH' => 'E:\\app\\admin\\product\\11.2.0\\dbhome_1\\bin;E:\\Program Files\\ImageMagick-7.0.3-Q16;C:\\ProgramData\\Oracle\\Java\\javapath;C:\\Program Files (x86)\\Common Files\\NetSarang;C:\\Windows\\system32;C:\\Windows;C:\\Windows\\System32\\Wbem;C:\\Windows\\System32\\WindowsPowerShell\\v1.0\\;C:\\Program Files (x86)\\NVIDIA Corporation\\PhysX\\Common;C:\\Python27;C:\\Python27\\Scripts;C:\\adb;E:\\JavaBean\\lib;E:\\nodejs\\;C:\\Program Files\\Microsoft\\Web Platform Installer\\;C:\\Program Files (x86)\\Microsoft ASP.NET\\ASP.NET Web Pages\\v1.0\\;C:\\Program Files (x86)\\Windows Kits\\8.0\\Windows Performance Toolkit\\;C:\\Program Files\\Microsoft SQL Server\\110\\Tools\\Binn\\;C:\\Program Files (x86)\\GtkSharp\\2.12\\bin;E:\\javaBean\\bin;C:\\WINDOWS\\system32;C:\\WINDOWS;C:\\WINDOWS\\System32\\Wbem;C:\\WINDOWS\\System32\\WindowsPowerShell\\v1.0\\;C:\\wamp\\Wamp\\bin\\php\\php5.5.12;C:\\wamp\\Wamp\\bin\\php\\php5.5.12\\ext;E:\\PHP-Gtk2;C:\\Program Files (x86)\\Microsoft SQL Server\\100\\Tools\\Binn\\;C:\\Program Files\\Microsoft SQL Server\\100\\Tools\\Binn\\;C:\\Program Files\\Microsoft SQL Server\\100\\DTS\\Binn\\;C:\\Program Files (x86)\\Microsoft SQL Server\\100\\Tools\\Binn\\VSShell\\Common7\\IDE\\;C:\\Program Files (x86)\\Microsoft Visual Studio 9.0\\Common7\\IDE\\PrivateAssemblies\\;C:\\Program Files (x86)\\Microsoft SQL Server\\100\\DTS\\Binn\\;C:\\ProgramData\\ComposerSetup\\bin;C:\\WINDOWS\\system32\\config\\systemprofile\\AppData\\Local\\Microsoft\\WindowsApps'
    'SystemRoot' => 'C:\\WINDOWS'
    'COMSPEC' => 'C:\\WINDOWS\\system32\\cmd.exe'
    'PATHEXT' => '.COM;.EXE;.BAT;.CMD;.VBS;.VBE;.JS;.JSE;.WSF;.WSH;.MSC'
    'WINDIR' => 'C:\\WINDOWS'
    'SERVER_SIGNATURE' => '<address>Apache/2.4.9 (Win32) PHP/5.5.12 Server at huati.pc.com Port 8088</address>
'
    'SERVER_SOFTWARE' => 'Apache/2.4.9 (Win32) PHP/5.5.12'
    'SERVER_NAME' => 'huati.pc.com'
    'SERVER_ADDR' => '127.0.0.1'
    'SERVER_PORT' => '8088'
    'REMOTE_ADDR' => '127.0.0.1'
    'DOCUMENT_ROOT' => 'E:/www/APPPUAMAP/www/pc'
    'REQUEST_SCHEME' => 'http'
    'CONTEXT_PREFIX' => ''
    'CONTEXT_DOCUMENT_ROOT' => 'E:/www/APPPUAMAP/www/pc'
    'SERVER_ADMIN' => 'admin@example.com'
    'SCRIPT_FILENAME' => 'E:/www/APPPUAMAP/www/pc/index.php'
    'REMOTE_PORT' => '55499'
    'GATEWAY_INTERFACE' => 'CGI/1.1'
    'SERVER_PROTOCOL' => 'HTTP/1.1'
    'REQUEST_METHOD' => 'GET'
    'QUERY_STRING' => ''
    'REQUEST_URI' => '/'
    'SCRIPT_NAME' => '/index.php'
    'PHP_SELF' => '/index.php'
    'REQUEST_TIME_FLOAT' => 1490852529.658
    'REQUEST_TIME' => 1490852529
]
2017-03-30 07:42:09 [127.0.0.1][-][-][error][yii\web\HttpException:404] exception 'yii\base\InvalidRouteException' with message 'Unable to resolve the request "".' in E:\www\APPPUAMAP\vendor\yiisoft\yii2\base\Module.php:462
Stack trace:
#0 E:\www\APPPUAMAP\vendor\yiisoft\yii2\web\Application.php(103): yii\base\Module->runAction('', Array)
#1 E:\www\APPPUAMAP\vendor\yiisoft\yii2\base\Application.php(376): yii\web\Application->handleRequest(Object(yii\web\Request))
#2 E:\www\APPPUAMAP\www\pc\index.php(13): yii\base\Application->run()
#3 {main}

Next exception 'yii\web\NotFoundHttpException' with message '页面未找到。' in E:\www\APPPUAMAP\vendor\yiisoft\yii2\web\Application.php:115
Stack trace:
#0 E:\www\APPPUAMAP\vendor\yiisoft\yii2\base\Application.php(376): yii\web\Application->handleRequest(Object(yii\web\Request))
#1 E:\www\APPPUAMAP\www\pc\index.php(13): yii\base\Application->run()
#2 {main}
2017-03-30 07:42:09 [127.0.0.1][-][-][info][application] $_COOKIE = [
    '_csrf-frontend' => 'Y7UP6Q7PcmnqtB_HTryyZksTstwCJ8yw'
    'PHPSESSID' => 'o7icreb9mmap9dbdlu19cf3434'
]

$_SERVER = [
    'HTTP_HOST' => 'huati.pc.com:8088'
    'HTTP_USER_AGENT' => 'Mozilla/5.0 (Windows NT 10.0; WOW64; rv:52.0) Gecko/20100101 Firefox/52.0'
    'HTTP_ACCEPT' => 'text/html,application/xhtml+xml,application/xml;q=0.9,*/*;q=0.8'
    'HTTP_ACCEPT_LANGUAGE' => 'zh-CN,zh;q=0.8,en-US;q=0.5,en;q=0.3'
    'HTTP_ACCEPT_ENCODING' => 'gzip, deflate'
    'HTTP_COOKIE' => '_csrf-frontend=Y7UP6Q7PcmnqtB_HTryyZksTstwCJ8yw; PHPSESSID=o7icreb9mmap9dbdlu19cf3434'
    'HTTP_CONNECTION' => 'keep-alive'
    'HTTP_UPGRADE_INSECURE_REQUESTS' => '1'
    'HTTP_CACHE_CONTROL' => 'max-age=0'
    'PATH' => 'E:\\app\\admin\\product\\11.2.0\\dbhome_1\\bin;E:\\Program Files\\ImageMagick-7.0.3-Q16;C:\\ProgramData\\Oracle\\Java\\javapath;C:\\Program Files (x86)\\Common Files\\NetSarang;C:\\Windows\\system32;C:\\Windows;C:\\Windows\\System32\\Wbem;C:\\Windows\\System32\\WindowsPowerShell\\v1.0\\;C:\\Program Files (x86)\\NVIDIA Corporation\\PhysX\\Common;C:\\Python27;C:\\Python27\\Scripts;C:\\adb;E:\\JavaBean\\lib;E:\\nodejs\\;C:\\Program Files\\Microsoft\\Web Platform Installer\\;C:\\Program Files (x86)\\Microsoft ASP.NET\\ASP.NET Web Pages\\v1.0\\;C:\\Program Files (x86)\\Windows Kits\\8.0\\Windows Performance Toolkit\\;C:\\Program Files\\Microsoft SQL Server\\110\\Tools\\Binn\\;C:\\Program Files (x86)\\GtkSharp\\2.12\\bin;E:\\javaBean\\bin;C:\\WINDOWS\\system32;C:\\WINDOWS;C:\\WINDOWS\\System32\\Wbem;C:\\WINDOWS\\System32\\WindowsPowerShell\\v1.0\\;C:\\wamp\\Wamp\\bin\\php\\php5.5.12;C:\\wamp\\Wamp\\bin\\php\\php5.5.12\\ext;E:\\PHP-Gtk2;C:\\Program Files (x86)\\Microsoft SQL Server\\100\\Tools\\Binn\\;C:\\Program Files\\Microsoft SQL Server\\100\\Tools\\Binn\\;C:\\Program Files\\Microsoft SQL Server\\100\\DTS\\Binn\\;C:\\Program Files (x86)\\Microsoft SQL Server\\100\\Tools\\Binn\\VSShell\\Common7\\IDE\\;C:\\Program Files (x86)\\Microsoft Visual Studio 9.0\\Common7\\IDE\\PrivateAssemblies\\;C:\\Program Files (x86)\\Microsoft SQL Server\\100\\DTS\\Binn\\;C:\\ProgramData\\ComposerSetup\\bin;C:\\WINDOWS\\system32\\config\\systemprofile\\AppData\\Local\\Microsoft\\WindowsApps'
    'SystemRoot' => 'C:\\WINDOWS'
    'COMSPEC' => 'C:\\WINDOWS\\system32\\cmd.exe'
    'PATHEXT' => '.COM;.EXE;.BAT;.CMD;.VBS;.VBE;.JS;.JSE;.WSF;.WSH;.MSC'
    'WINDIR' => 'C:\\WINDOWS'
    'SERVER_SIGNATURE' => '<address>Apache/2.4.9 (Win32) PHP/5.5.12 Server at huati.pc.com Port 8088</address>
'
    'SERVER_SOFTWARE' => 'Apache/2.4.9 (Win32) PHP/5.5.12'
    'SERVER_NAME' => 'huati.pc.com'
    'SERVER_ADDR' => '127.0.0.1'
    'SERVER_PORT' => '8088'
    'REMOTE_ADDR' => '127.0.0.1'
    'DOCUMENT_ROOT' => 'E:/www/APPPUAMAP/www/pc'
    'REQUEST_SCHEME' => 'http'
    'CONTEXT_PREFIX' => ''
    'CONTEXT_DOCUMENT_ROOT' => 'E:/www/APPPUAMAP/www/pc'
    'SERVER_ADMIN' => 'admin@example.com'
    'SCRIPT_FILENAME' => 'E:/www/APPPUAMAP/www/pc/index.php'
    'REMOTE_PORT' => '55500'
    'GATEWAY_INTERFACE' => 'CGI/1.1'
    'SERVER_PROTOCOL' => 'HTTP/1.1'
    'REQUEST_METHOD' => 'GET'
    'QUERY_STRING' => ''
    'REQUEST_URI' => '/'
    'SCRIPT_NAME' => '/index.php'
    'PHP_SELF' => '/index.php'
    'REQUEST_TIME_FLOAT' => 1490852529.684
    'REQUEST_TIME' => 1490852529
]
2017-03-30 07:42:09 [127.0.0.1][-][-][error][yii\web\HttpException:404] exception 'yii\base\InvalidRouteException' with message 'Unable to resolve the request "".' in E:\www\APPPUAMAP\vendor\yiisoft\yii2\base\Module.php:462
Stack trace:
#0 E:\www\APPPUAMAP\vendor\yiisoft\yii2\web\Application.php(103): yii\base\Module->runAction('', Array)
#1 E:\www\APPPUAMAP\vendor\yiisoft\yii2\base\Application.php(376): yii\web\Application->handleRequest(Object(yii\web\Request))
#2 E:\www\APPPUAMAP\www\pc\index.php(13): yii\base\Application->run()
#3 {main}

Next exception 'yii\web\NotFoundHttpException' with message '页面未找到。' in E:\www\APPPUAMAP\vendor\yiisoft\yii2\web\Application.php:115
Stack trace:
#0 E:\www\APPPUAMAP\vendor\yiisoft\yii2\base\Application.php(376): yii\web\Application->handleRequest(Object(yii\web\Request))
#1 E:\www\APPPUAMAP\www\pc\index.php(13): yii\base\Application->run()
#2 {main}
2017-03-30 07:42:09 [127.0.0.1][-][-][info][application] $_COOKIE = [
    '_csrf-frontend' => 'Y7UP6Q7PcmnqtB_HTryyZksTstwCJ8yw'
    'PHPSESSID' => 'o7icreb9mmap9dbdlu19cf3434'
]

$_SERVER = [
    'HTTP_HOST' => 'huati.pc.com:8088'
    'HTTP_USER_AGENT' => 'Mozilla/5.0 (Windows NT 10.0; WOW64; rv:52.0) Gecko/20100101 Firefox/52.0'
    'HTTP_ACCEPT' => 'text/html,application/xhtml+xml,application/xml;q=0.9,*/*;q=0.8'
    'HTTP_ACCEPT_LANGUAGE' => 'zh-CN,zh;q=0.8,en-US;q=0.5,en;q=0.3'
    'HTTP_ACCEPT_ENCODING' => 'gzip, deflate'
    'HTTP_COOKIE' => '_csrf-frontend=Y7UP6Q7PcmnqtB_HTryyZksTstwCJ8yw; PHPSESSID=o7icreb9mmap9dbdlu19cf3434'
    'HTTP_CONNECTION' => 'keep-alive'
    'HTTP_UPGRADE_INSECURE_REQUESTS' => '1'
    'HTTP_CACHE_CONTROL' => 'max-age=0'
    'PATH' => 'E:\\app\\admin\\product\\11.2.0\\dbhome_1\\bin;E:\\Program Files\\ImageMagick-7.0.3-Q16;C:\\ProgramData\\Oracle\\Java\\javapath;C:\\Program Files (x86)\\Common Files\\NetSarang;C:\\Windows\\system32;C:\\Windows;C:\\Windows\\System32\\Wbem;C:\\Windows\\System32\\WindowsPowerShell\\v1.0\\;C:\\Program Files (x86)\\NVIDIA Corporation\\PhysX\\Common;C:\\Python27;C:\\Python27\\Scripts;C:\\adb;E:\\JavaBean\\lib;E:\\nodejs\\;C:\\Program Files\\Microsoft\\Web Platform Installer\\;C:\\Program Files (x86)\\Microsoft ASP.NET\\ASP.NET Web Pages\\v1.0\\;C:\\Program Files (x86)\\Windows Kits\\8.0\\Windows Performance Toolkit\\;C:\\Program Files\\Microsoft SQL Server\\110\\Tools\\Binn\\;C:\\Program Files (x86)\\GtkSharp\\2.12\\bin;E:\\javaBean\\bin;C:\\WINDOWS\\system32;C:\\WINDOWS;C:\\WINDOWS\\System32\\Wbem;C:\\WINDOWS\\System32\\WindowsPowerShell\\v1.0\\;C:\\wamp\\Wamp\\bin\\php\\php5.5.12;C:\\wamp\\Wamp\\bin\\php\\php5.5.12\\ext;E:\\PHP-Gtk2;C:\\Program Files (x86)\\Microsoft SQL Server\\100\\Tools\\Binn\\;C:\\Program Files\\Microsoft SQL Server\\100\\Tools\\Binn\\;C:\\Program Files\\Microsoft SQL Server\\100\\DTS\\Binn\\;C:\\Program Files (x86)\\Microsoft SQL Server\\100\\Tools\\Binn\\VSShell\\Common7\\IDE\\;C:\\Program Files (x86)\\Microsoft Visual Studio 9.0\\Common7\\IDE\\PrivateAssemblies\\;C:\\Program Files (x86)\\Microsoft SQL Server\\100\\DTS\\Binn\\;C:\\ProgramData\\ComposerSetup\\bin;C:\\WINDOWS\\system32\\config\\systemprofile\\AppData\\Local\\Microsoft\\WindowsApps'
    'SystemRoot' => 'C:\\WINDOWS'
    'COMSPEC' => 'C:\\WINDOWS\\system32\\cmd.exe'
    'PATHEXT' => '.COM;.EXE;.BAT;.CMD;.VBS;.VBE;.JS;.JSE;.WSF;.WSH;.MSC'
    'WINDIR' => 'C:\\WINDOWS'
    'SERVER_SIGNATURE' => '<address>Apache/2.4.9 (Win32) PHP/5.5.12 Server at huati.pc.com Port 8088</address>
'
    'SERVER_SOFTWARE' => 'Apache/2.4.9 (Win32) PHP/5.5.12'
    'SERVER_NAME' => 'huati.pc.com'
    'SERVER_ADDR' => '127.0.0.1'
    'SERVER_PORT' => '8088'
    'REMOTE_ADDR' => '127.0.0.1'
    'DOCUMENT_ROOT' => 'E:/www/APPPUAMAP/www/pc'
    'REQUEST_SCHEME' => 'http'
    'CONTEXT_PREFIX' => ''
    'CONTEXT_DOCUMENT_ROOT' => 'E:/www/APPPUAMAP/www/pc'
    'SERVER_ADMIN' => 'admin@example.com'
    'SCRIPT_FILENAME' => 'E:/www/APPPUAMAP/www/pc/index.php'
    'REMOTE_PORT' => '55501'
    'GATEWAY_INTERFACE' => 'CGI/1.1'
    'SERVER_PROTOCOL' => 'HTTP/1.1'
    'REQUEST_METHOD' => 'GET'
    'QUERY_STRING' => ''
    'REQUEST_URI' => '/'
    'SCRIPT_NAME' => '/index.php'
    'PHP_SELF' => '/index.php'
    'REQUEST_TIME_FLOAT' => 1490852529.717
    'REQUEST_TIME' => 1490852529
]
2017-03-30 07:42:09 [127.0.0.1][-][-][error][yii\web\HttpException:404] exception 'yii\base\InvalidRouteException' with message 'Unable to resolve the request "".' in E:\www\APPPUAMAP\vendor\yiisoft\yii2\base\Module.php:462
Stack trace:
#0 E:\www\APPPUAMAP\vendor\yiisoft\yii2\web\Application.php(103): yii\base\Module->runAction('', Array)
#1 E:\www\APPPUAMAP\vendor\yiisoft\yii2\base\Application.php(376): yii\web\Application->handleRequest(Object(yii\web\Request))
#2 E:\www\APPPUAMAP\www\pc\index.php(13): yii\base\Application->run()
#3 {main}

Next exception 'yii\web\NotFoundHttpException' with message '页面未找到。' in E:\www\APPPUAMAP\vendor\yiisoft\yii2\web\Application.php:115
Stack trace:
#0 E:\www\APPPUAMAP\vendor\yiisoft\yii2\base\Application.php(376): yii\web\Application->handleRequest(Object(yii\web\Request))
#1 E:\www\APPPUAMAP\www\pc\index.php(13): yii\base\Application->run()
#2 {main}
2017-03-30 07:42:09 [127.0.0.1][-][-][info][application] $_COOKIE = [
    '_csrf-frontend' => 'Y7UP6Q7PcmnqtB_HTryyZksTstwCJ8yw'
    'PHPSESSID' => 'o7icreb9mmap9dbdlu19cf3434'
]

$_SERVER = [
    'HTTP_HOST' => 'huati.pc.com:8088'
    'HTTP_USER_AGENT' => 'Mozilla/5.0 (Windows NT 10.0; WOW64; rv:52.0) Gecko/20100101 Firefox/52.0'
    'HTTP_ACCEPT' => 'text/html,application/xhtml+xml,application/xml;q=0.9,*/*;q=0.8'
    'HTTP_ACCEPT_LANGUAGE' => 'zh-CN,zh;q=0.8,en-US;q=0.5,en;q=0.3'
    'HTTP_ACCEPT_ENCODING' => 'gzip, deflate'
    'HTTP_COOKIE' => '_csrf-frontend=Y7UP6Q7PcmnqtB_HTryyZksTstwCJ8yw; PHPSESSID=o7icreb9mmap9dbdlu19cf3434'
    'HTTP_CONNECTION' => 'keep-alive'
    'HTTP_UPGRADE_INSECURE_REQUESTS' => '1'
    'HTTP_CACHE_CONTROL' => 'max-age=0'
    'PATH' => 'E:\\app\\admin\\product\\11.2.0\\dbhome_1\\bin;E:\\Program Files\\ImageMagick-7.0.3-Q16;C:\\ProgramData\\Oracle\\Java\\javapath;C:\\Program Files (x86)\\Common Files\\NetSarang;C:\\Windows\\system32;C:\\Windows;C:\\Windows\\System32\\Wbem;C:\\Windows\\System32\\WindowsPowerShell\\v1.0\\;C:\\Program Files (x86)\\NVIDIA Corporation\\PhysX\\Common;C:\\Python27;C:\\Python27\\Scripts;C:\\adb;E:\\JavaBean\\lib;E:\\nodejs\\;C:\\Program Files\\Microsoft\\Web Platform Installer\\;C:\\Program Files (x86)\\Microsoft ASP.NET\\ASP.NET Web Pages\\v1.0\\;C:\\Program Files (x86)\\Windows Kits\\8.0\\Windows Performance Toolkit\\;C:\\Program Files\\Microsoft SQL Server\\110\\Tools\\Binn\\;C:\\Program Files (x86)\\GtkSharp\\2.12\\bin;E:\\javaBean\\bin;C:\\WINDOWS\\system32;C:\\WINDOWS;C:\\WINDOWS\\System32\\Wbem;C:\\WINDOWS\\System32\\WindowsPowerShell\\v1.0\\;C:\\wamp\\Wamp\\bin\\php\\php5.5.12;C:\\wamp\\Wamp\\bin\\php\\php5.5.12\\ext;E:\\PHP-Gtk2;C:\\Program Files (x86)\\Microsoft SQL Server\\100\\Tools\\Binn\\;C:\\Program Files\\Microsoft SQL Server\\100\\Tools\\Binn\\;C:\\Program Files\\Microsoft SQL Server\\100\\DTS\\Binn\\;C:\\Program Files (x86)\\Microsoft SQL Server\\100\\Tools\\Binn\\VSShell\\Common7\\IDE\\;C:\\Program Files (x86)\\Microsoft Visual Studio 9.0\\Common7\\IDE\\PrivateAssemblies\\;C:\\Program Files (x86)\\Microsoft SQL Server\\100\\DTS\\Binn\\;C:\\ProgramData\\ComposerSetup\\bin;C:\\WINDOWS\\system32\\config\\systemprofile\\AppData\\Local\\Microsoft\\WindowsApps'
    'SystemRoot' => 'C:\\WINDOWS'
    'COMSPEC' => 'C:\\WINDOWS\\system32\\cmd.exe'
    'PATHEXT' => '.COM;.EXE;.BAT;.CMD;.VBS;.VBE;.JS;.JSE;.WSF;.WSH;.MSC'
    'WINDIR' => 'C:\\WINDOWS'
    'SERVER_SIGNATURE' => '<address>Apache/2.4.9 (Win32) PHP/5.5.12 Server at huati.pc.com Port 8088</address>
'
    'SERVER_SOFTWARE' => 'Apache/2.4.9 (Win32) PHP/5.5.12'
    'SERVER_NAME' => 'huati.pc.com'
    'SERVER_ADDR' => '127.0.0.1'
    'SERVER_PORT' => '8088'
    'REMOTE_ADDR' => '127.0.0.1'
    'DOCUMENT_ROOT' => 'E:/www/APPPUAMAP/www/pc'
    'REQUEST_SCHEME' => 'http'
    'CONTEXT_PREFIX' => ''
    'CONTEXT_DOCUMENT_ROOT' => 'E:/www/APPPUAMAP/www/pc'
    'SERVER_ADMIN' => 'admin@example.com'
    'SCRIPT_FILENAME' => 'E:/www/APPPUAMAP/www/pc/index.php'
    'REMOTE_PORT' => '55502'
    'GATEWAY_INTERFACE' => 'CGI/1.1'
    'SERVER_PROTOCOL' => 'HTTP/1.1'
    'REQUEST_METHOD' => 'GET'
    'QUERY_STRING' => ''
    'REQUEST_URI' => '/'
    'SCRIPT_NAME' => '/index.php'
    'PHP_SELF' => '/index.php'
    'REQUEST_TIME_FLOAT' => 1490852529.749
    'REQUEST_TIME' => 1490852529
]
2017-03-30 07:42:09 [127.0.0.1][-][-][error][yii\web\HttpException:404] exception 'yii\base\InvalidRouteException' with message 'Unable to resolve the request "".' in E:\www\APPPUAMAP\vendor\yiisoft\yii2\base\Module.php:462
Stack trace:
#0 E:\www\APPPUAMAP\vendor\yiisoft\yii2\web\Application.php(103): yii\base\Module->runAction('', Array)
#1 E:\www\APPPUAMAP\vendor\yiisoft\yii2\base\Application.php(376): yii\web\Application->handleRequest(Object(yii\web\Request))
#2 E:\www\APPPUAMAP\www\pc\index.php(13): yii\base\Application->run()
#3 {main}

Next exception 'yii\web\NotFoundHttpException' with message '页面未找到。' in E:\www\APPPUAMAP\vendor\yiisoft\yii2\web\Application.php:115
Stack trace:
#0 E:\www\APPPUAMAP\vendor\yiisoft\yii2\base\Application.php(376): yii\web\Application->handleRequest(Object(yii\web\Request))
#1 E:\www\APPPUAMAP\www\pc\index.php(13): yii\base\Application->run()
#2 {main}
2017-03-30 07:42:09 [127.0.0.1][-][-][info][application] $_COOKIE = [
    '_csrf-frontend' => 'Y7UP6Q7PcmnqtB_HTryyZksTstwCJ8yw'
    'PHPSESSID' => 'o7icreb9mmap9dbdlu19cf3434'
]

$_SERVER = [
    'HTTP_HOST' => 'huati.pc.com:8088'
    'HTTP_USER_AGENT' => 'Mozilla/5.0 (Windows NT 10.0; WOW64; rv:52.0) Gecko/20100101 Firefox/52.0'
    'HTTP_ACCEPT' => 'text/html,application/xhtml+xml,application/xml;q=0.9,*/*;q=0.8'
    'HTTP_ACCEPT_LANGUAGE' => 'zh-CN,zh;q=0.8,en-US;q=0.5,en;q=0.3'
    'HTTP_ACCEPT_ENCODING' => 'gzip, deflate'
    'HTTP_COOKIE' => '_csrf-frontend=Y7UP6Q7PcmnqtB_HTryyZksTstwCJ8yw; PHPSESSID=o7icreb9mmap9dbdlu19cf3434'
    'HTTP_CONNECTION' => 'keep-alive'
    'HTTP_UPGRADE_INSECURE_REQUESTS' => '1'
    'HTTP_CACHE_CONTROL' => 'max-age=0'
    'PATH' => 'E:\\app\\admin\\product\\11.2.0\\dbhome_1\\bin;E:\\Program Files\\ImageMagick-7.0.3-Q16;C:\\ProgramData\\Oracle\\Java\\javapath;C:\\Program Files (x86)\\Common Files\\NetSarang;C:\\Windows\\system32;C:\\Windows;C:\\Windows\\System32\\Wbem;C:\\Windows\\System32\\WindowsPowerShell\\v1.0\\;C:\\Program Files (x86)\\NVIDIA Corporation\\PhysX\\Common;C:\\Python27;C:\\Python27\\Scripts;C:\\adb;E:\\JavaBean\\lib;E:\\nodejs\\;C:\\Program Files\\Microsoft\\Web Platform Installer\\;C:\\Program Files (x86)\\Microsoft ASP.NET\\ASP.NET Web Pages\\v1.0\\;C:\\Program Files (x86)\\Windows Kits\\8.0\\Windows Performance Toolkit\\;C:\\Program Files\\Microsoft SQL Server\\110\\Tools\\Binn\\;C:\\Program Files (x86)\\GtkSharp\\2.12\\bin;E:\\javaBean\\bin;C:\\WINDOWS\\system32;C:\\WINDOWS;C:\\WINDOWS\\System32\\Wbem;C:\\WINDOWS\\System32\\WindowsPowerShell\\v1.0\\;C:\\wamp\\Wamp\\bin\\php\\php5.5.12;C:\\wamp\\Wamp\\bin\\php\\php5.5.12\\ext;E:\\PHP-Gtk2;C:\\Program Files (x86)\\Microsoft SQL Server\\100\\Tools\\Binn\\;C:\\Program Files\\Microsoft SQL Server\\100\\Tools\\Binn\\;C:\\Program Files\\Microsoft SQL Server\\100\\DTS\\Binn\\;C:\\Program Files (x86)\\Microsoft SQL Server\\100\\Tools\\Binn\\VSShell\\Common7\\IDE\\;C:\\Program Files (x86)\\Microsoft Visual Studio 9.0\\Common7\\IDE\\PrivateAssemblies\\;C:\\Program Files (x86)\\Microsoft SQL Server\\100\\DTS\\Binn\\;C:\\ProgramData\\ComposerSetup\\bin;C:\\WINDOWS\\system32\\config\\systemprofile\\AppData\\Local\\Microsoft\\WindowsApps'
    'SystemRoot' => 'C:\\WINDOWS'
    'COMSPEC' => 'C:\\WINDOWS\\system32\\cmd.exe'
    'PATHEXT' => '.COM;.EXE;.BAT;.CMD;.VBS;.VBE;.JS;.JSE;.WSF;.WSH;.MSC'
    'WINDIR' => 'C:\\WINDOWS'
    'SERVER_SIGNATURE' => '<address>Apache/2.4.9 (Win32) PHP/5.5.12 Server at huati.pc.com Port 8088</address>
'
    'SERVER_SOFTWARE' => 'Apache/2.4.9 (Win32) PHP/5.5.12'
    'SERVER_NAME' => 'huati.pc.com'
    'SERVER_ADDR' => '127.0.0.1'
    'SERVER_PORT' => '8088'
    'REMOTE_ADDR' => '127.0.0.1'
    'DOCUMENT_ROOT' => 'E:/www/APPPUAMAP/www/pc'
    'REQUEST_SCHEME' => 'http'
    'CONTEXT_PREFIX' => ''
    'CONTEXT_DOCUMENT_ROOT' => 'E:/www/APPPUAMAP/www/pc'
    'SERVER_ADMIN' => 'admin@example.com'
    'SCRIPT_FILENAME' => 'E:/www/APPPUAMAP/www/pc/index.php'
    'REMOTE_PORT' => '55503'
    'GATEWAY_INTERFACE' => 'CGI/1.1'
    'SERVER_PROTOCOL' => 'HTTP/1.1'
    'REQUEST_METHOD' => 'GET'
    'QUERY_STRING' => ''
    'REQUEST_URI' => '/'
    'SCRIPT_NAME' => '/index.php'
    'PHP_SELF' => '/index.php'
    'REQUEST_TIME_FLOAT' => 1490852529.782
    'REQUEST_TIME' => 1490852529
]
2017-03-30 07:42:09 [127.0.0.1][-][-][error][yii\web\HttpException:404] exception 'yii\base\InvalidRouteException' with message 'Unable to resolve the request "".' in E:\www\APPPUAMAP\vendor\yiisoft\yii2\base\Module.php:462
Stack trace:
#0 E:\www\APPPUAMAP\vendor\yiisoft\yii2\web\Application.php(103): yii\base\Module->runAction('', Array)
#1 E:\www\APPPUAMAP\vendor\yiisoft\yii2\base\Application.php(376): yii\web\Application->handleRequest(Object(yii\web\Request))
#2 E:\www\APPPUAMAP\www\pc\index.php(13): yii\base\Application->run()
#3 {main}

Next exception 'yii\web\NotFoundHttpException' with message '页面未找到。' in E:\www\APPPUAMAP\vendor\yiisoft\yii2\web\Application.php:115
Stack trace:
#0 E:\www\APPPUAMAP\vendor\yiisoft\yii2\base\Application.php(376): yii\web\Application->handleRequest(Object(yii\web\Request))
#1 E:\www\APPPUAMAP\www\pc\index.php(13): yii\base\Application->run()
#2 {main}
2017-03-30 07:42:09 [127.0.0.1][-][-][info][application] $_COOKIE = [
    '_csrf-frontend' => 'Y7UP6Q7PcmnqtB_HTryyZksTstwCJ8yw'
    'PHPSESSID' => 'o7icreb9mmap9dbdlu19cf3434'
]

$_SERVER = [
    'HTTP_HOST' => 'huati.pc.com:8088'
    'HTTP_USER_AGENT' => 'Mozilla/5.0 (Windows NT 10.0; WOW64; rv:52.0) Gecko/20100101 Firefox/52.0'
    'HTTP_ACCEPT' => 'text/html,application/xhtml+xml,application/xml;q=0.9,*/*;q=0.8'
    'HTTP_ACCEPT_LANGUAGE' => 'zh-CN,zh;q=0.8,en-US;q=0.5,en;q=0.3'
    'HTTP_ACCEPT_ENCODING' => 'gzip, deflate'
    'HTTP_COOKIE' => '_csrf-frontend=Y7UP6Q7PcmnqtB_HTryyZksTstwCJ8yw; PHPSESSID=o7icreb9mmap9dbdlu19cf3434'
    'HTTP_CONNECTION' => 'keep-alive'
    'HTTP_UPGRADE_INSECURE_REQUESTS' => '1'
    'HTTP_CACHE_CONTROL' => 'max-age=0'
    'PATH' => 'E:\\app\\admin\\product\\11.2.0\\dbhome_1\\bin;E:\\Program Files\\ImageMagick-7.0.3-Q16;C:\\ProgramData\\Oracle\\Java\\javapath;C:\\Program Files (x86)\\Common Files\\NetSarang;C:\\Windows\\system32;C:\\Windows;C:\\Windows\\System32\\Wbem;C:\\Windows\\System32\\WindowsPowerShell\\v1.0\\;C:\\Program Files (x86)\\NVIDIA Corporation\\PhysX\\Common;C:\\Python27;C:\\Python27\\Scripts;C:\\adb;E:\\JavaBean\\lib;E:\\nodejs\\;C:\\Program Files\\Microsoft\\Web Platform Installer\\;C:\\Program Files (x86)\\Microsoft ASP.NET\\ASP.NET Web Pages\\v1.0\\;C:\\Program Files (x86)\\Windows Kits\\8.0\\Windows Performance Toolkit\\;C:\\Program Files\\Microsoft SQL Server\\110\\Tools\\Binn\\;C:\\Program Files (x86)\\GtkSharp\\2.12\\bin;E:\\javaBean\\bin;C:\\WINDOWS\\system32;C:\\WINDOWS;C:\\WINDOWS\\System32\\Wbem;C:\\WINDOWS\\System32\\WindowsPowerShell\\v1.0\\;C:\\wamp\\Wamp\\bin\\php\\php5.5.12;C:\\wamp\\Wamp\\bin\\php\\php5.5.12\\ext;E:\\PHP-Gtk2;C:\\Program Files (x86)\\Microsoft SQL Server\\100\\Tools\\Binn\\;C:\\Program Files\\Microsoft SQL Server\\100\\Tools\\Binn\\;C:\\Program Files\\Microsoft SQL Server\\100\\DTS\\Binn\\;C:\\Program Files (x86)\\Microsoft SQL Server\\100\\Tools\\Binn\\VSShell\\Common7\\IDE\\;C:\\Program Files (x86)\\Microsoft Visual Studio 9.0\\Common7\\IDE\\PrivateAssemblies\\;C:\\Program Files (x86)\\Microsoft SQL Server\\100\\DTS\\Binn\\;C:\\ProgramData\\ComposerSetup\\bin;C:\\WINDOWS\\system32\\config\\systemprofile\\AppData\\Local\\Microsoft\\WindowsApps'
    'SystemRoot' => 'C:\\WINDOWS'
    'COMSPEC' => 'C:\\WINDOWS\\system32\\cmd.exe'
    'PATHEXT' => '.COM;.EXE;.BAT;.CMD;.VBS;.VBE;.JS;.JSE;.WSF;.WSH;.MSC'
    'WINDIR' => 'C:\\WINDOWS'
    'SERVER_SIGNATURE' => '<address>Apache/2.4.9 (Win32) PHP/5.5.12 Server at huati.pc.com Port 8088</address>
'
    'SERVER_SOFTWARE' => 'Apache/2.4.9 (Win32) PHP/5.5.12'
    'SERVER_NAME' => 'huati.pc.com'
    'SERVER_ADDR' => '127.0.0.1'
    'SERVER_PORT' => '8088'
    'REMOTE_ADDR' => '127.0.0.1'
    'DOCUMENT_ROOT' => 'E:/www/APPPUAMAP/www/pc'
    'REQUEST_SCHEME' => 'http'
    'CONTEXT_PREFIX' => ''
    'CONTEXT_DOCUMENT_ROOT' => 'E:/www/APPPUAMAP/www/pc'
    'SERVER_ADMIN' => 'admin@example.com'
    'SCRIPT_FILENAME' => 'E:/www/APPPUAMAP/www/pc/index.php'
    'REMOTE_PORT' => '55504'
    'GATEWAY_INTERFACE' => 'CGI/1.1'
    'SERVER_PROTOCOL' => 'HTTP/1.1'
    'REQUEST_METHOD' => 'GET'
    'QUERY_STRING' => ''
    'REQUEST_URI' => '/'
    'SCRIPT_NAME' => '/index.php'
    'PHP_SELF' => '/index.php'
    'REQUEST_TIME_FLOAT' => 1490852529.817
    'REQUEST_TIME' => 1490852529
]
2017-03-30 07:42:09 [127.0.0.1][-][-][error][yii\web\HttpException:404] exception 'yii\base\InvalidRouteException' with message 'Unable to resolve the request "".' in E:\www\APPPUAMAP\vendor\yiisoft\yii2\base\Module.php:462
Stack trace:
#0 E:\www\APPPUAMAP\vendor\yiisoft\yii2\web\Application.php(103): yii\base\Module->runAction('', Array)
#1 E:\www\APPPUAMAP\vendor\yiisoft\yii2\base\Application.php(376): yii\web\Application->handleRequest(Object(yii\web\Request))
#2 E:\www\APPPUAMAP\www\pc\index.php(13): yii\base\Application->run()
#3 {main}

Next exception 'yii\web\NotFoundHttpException' with message '页面未找到。' in E:\www\APPPUAMAP\vendor\yiisoft\yii2\web\Application.php:115
Stack trace:
#0 E:\www\APPPUAMAP\vendor\yiisoft\yii2\base\Application.php(376): yii\web\Application->handleRequest(Object(yii\web\Request))
#1 E:\www\APPPUAMAP\www\pc\index.php(13): yii\base\Application->run()
#2 {main}
2017-03-30 07:42:09 [127.0.0.1][-][-][info][application] $_COOKIE = [
    '_csrf-frontend' => 'Y7UP6Q7PcmnqtB_HTryyZksTstwCJ8yw'
    'PHPSESSID' => 'o7icreb9mmap9dbdlu19cf3434'
]

$_SERVER = [
    'HTTP_HOST' => 'huati.pc.com:8088'
    'HTTP_USER_AGENT' => 'Mozilla/5.0 (Windows NT 10.0; WOW64; rv:52.0) Gecko/20100101 Firefox/52.0'
    'HTTP_ACCEPT' => 'text/html,application/xhtml+xml,application/xml;q=0.9,*/*;q=0.8'
    'HTTP_ACCEPT_LANGUAGE' => 'zh-CN,zh;q=0.8,en-US;q=0.5,en;q=0.3'
    'HTTP_ACCEPT_ENCODING' => 'gzip, deflate'
    'HTTP_COOKIE' => '_csrf-frontend=Y7UP6Q7PcmnqtB_HTryyZksTstwCJ8yw; PHPSESSID=o7icreb9mmap9dbdlu19cf3434'
    'HTTP_CONNECTION' => 'keep-alive'
    'HTTP_UPGRADE_INSECURE_REQUESTS' => '1'
    'HTTP_CACHE_CONTROL' => 'max-age=0'
    'PATH' => 'E:\\app\\admin\\product\\11.2.0\\dbhome_1\\bin;E:\\Program Files\\ImageMagick-7.0.3-Q16;C:\\ProgramData\\Oracle\\Java\\javapath;C:\\Program Files (x86)\\Common Files\\NetSarang;C:\\Windows\\system32;C:\\Windows;C:\\Windows\\System32\\Wbem;C:\\Windows\\System32\\WindowsPowerShell\\v1.0\\;C:\\Program Files (x86)\\NVIDIA Corporation\\PhysX\\Common;C:\\Python27;C:\\Python27\\Scripts;C:\\adb;E:\\JavaBean\\lib;E:\\nodejs\\;C:\\Program Files\\Microsoft\\Web Platform Installer\\;C:\\Program Files (x86)\\Microsoft ASP.NET\\ASP.NET Web Pages\\v1.0\\;C:\\Program Files (x86)\\Windows Kits\\8.0\\Windows Performance Toolkit\\;C:\\Program Files\\Microsoft SQL Server\\110\\Tools\\Binn\\;C:\\Program Files (x86)\\GtkSharp\\2.12\\bin;E:\\javaBean\\bin;C:\\WINDOWS\\system32;C:\\WINDOWS;C:\\WINDOWS\\System32\\Wbem;C:\\WINDOWS\\System32\\WindowsPowerShell\\v1.0\\;C:\\wamp\\Wamp\\bin\\php\\php5.5.12;C:\\wamp\\Wamp\\bin\\php\\php5.5.12\\ext;E:\\PHP-Gtk2;C:\\Program Files (x86)\\Microsoft SQL Server\\100\\Tools\\Binn\\;C:\\Program Files\\Microsoft SQL Server\\100\\Tools\\Binn\\;C:\\Program Files\\Microsoft SQL Server\\100\\DTS\\Binn\\;C:\\Program Files (x86)\\Microsoft SQL Server\\100\\Tools\\Binn\\VSShell\\Common7\\IDE\\;C:\\Program Files (x86)\\Microsoft Visual Studio 9.0\\Common7\\IDE\\PrivateAssemblies\\;C:\\Program Files (x86)\\Microsoft SQL Server\\100\\DTS\\Binn\\;C:\\ProgramData\\ComposerSetup\\bin;C:\\WINDOWS\\system32\\config\\systemprofile\\AppData\\Local\\Microsoft\\WindowsApps'
    'SystemRoot' => 'C:\\WINDOWS'
    'COMSPEC' => 'C:\\WINDOWS\\system32\\cmd.exe'
    'PATHEXT' => '.COM;.EXE;.BAT;.CMD;.VBS;.VBE;.JS;.JSE;.WSF;.WSH;.MSC'
    'WINDIR' => 'C:\\WINDOWS'
    'SERVER_SIGNATURE' => '<address>Apache/2.4.9 (Win32) PHP/5.5.12 Server at huati.pc.com Port 8088</address>
'
    'SERVER_SOFTWARE' => 'Apache/2.4.9 (Win32) PHP/5.5.12'
    'SERVER_NAME' => 'huati.pc.com'
    'SERVER_ADDR' => '127.0.0.1'
    'SERVER_PORT' => '8088'
    'REMOTE_ADDR' => '127.0.0.1'
    'DOCUMENT_ROOT' => 'E:/www/APPPUAMAP/www/pc'
    'REQUEST_SCHEME' => 'http'
    'CONTEXT_PREFIX' => ''
    'CONTEXT_DOCUMENT_ROOT' => 'E:/www/APPPUAMAP/www/pc'
    'SERVER_ADMIN' => 'admin@example.com'
    'SCRIPT_FILENAME' => 'E:/www/APPPUAMAP/www/pc/index.php'
    'REMOTE_PORT' => '55505'
    'GATEWAY_INTERFACE' => 'CGI/1.1'
    'SERVER_PROTOCOL' => 'HTTP/1.1'
    'REQUEST_METHOD' => 'GET'
    'QUERY_STRING' => ''
    'REQUEST_URI' => '/'
    'SCRIPT_NAME' => '/index.php'
    'PHP_SELF' => '/index.php'
    'REQUEST_TIME_FLOAT' => 1490852529.851
    'REQUEST_TIME' => 1490852529
]
2017-03-30 07:42:09 [127.0.0.1][-][-][error][yii\web\HttpException:404] exception 'yii\base\InvalidRouteException' with message 'Unable to resolve the request "".' in E:\www\APPPUAMAP\vendor\yiisoft\yii2\base\Module.php:462
Stack trace:
#0 E:\www\APPPUAMAP\vendor\yiisoft\yii2\web\Application.php(103): yii\base\Module->runAction('', Array)
#1 E:\www\APPPUAMAP\vendor\yiisoft\yii2\base\Application.php(376): yii\web\Application->handleRequest(Object(yii\web\Request))
#2 E:\www\APPPUAMAP\www\pc\index.php(13): yii\base\Application->run()
#3 {main}

Next exception 'yii\web\NotFoundHttpException' with message '页面未找到。' in E:\www\APPPUAMAP\vendor\yiisoft\yii2\web\Application.php:115
Stack trace:
#0 E:\www\APPPUAMAP\vendor\yiisoft\yii2\base\Application.php(376): yii\web\Application->handleRequest(Object(yii\web\Request))
#1 E:\www\APPPUAMAP\www\pc\index.php(13): yii\base\Application->run()
#2 {main}
2017-03-30 07:42:09 [127.0.0.1][-][-][info][application] $_COOKIE = [
    '_csrf-frontend' => 'Y7UP6Q7PcmnqtB_HTryyZksTstwCJ8yw'
    'PHPSESSID' => 'o7icreb9mmap9dbdlu19cf3434'
]

$_SERVER = [
    'HTTP_HOST' => 'huati.pc.com:8088'
    'HTTP_USER_AGENT' => 'Mozilla/5.0 (Windows NT 10.0; WOW64; rv:52.0) Gecko/20100101 Firefox/52.0'
    'HTTP_ACCEPT' => 'text/html,application/xhtml+xml,application/xml;q=0.9,*/*;q=0.8'
    'HTTP_ACCEPT_LANGUAGE' => 'zh-CN,zh;q=0.8,en-US;q=0.5,en;q=0.3'
    'HTTP_ACCEPT_ENCODING' => 'gzip, deflate'
    'HTTP_COOKIE' => '_csrf-frontend=Y7UP6Q7PcmnqtB_HTryyZksTstwCJ8yw; PHPSESSID=o7icreb9mmap9dbdlu19cf3434'
    'HTTP_CONNECTION' => 'keep-alive'
    'HTTP_UPGRADE_INSECURE_REQUESTS' => '1'
    'HTTP_CACHE_CONTROL' => 'max-age=0'
    'PATH' => 'E:\\app\\admin\\product\\11.2.0\\dbhome_1\\bin;E:\\Program Files\\ImageMagick-7.0.3-Q16;C:\\ProgramData\\Oracle\\Java\\javapath;C:\\Program Files (x86)\\Common Files\\NetSarang;C:\\Windows\\system32;C:\\Windows;C:\\Windows\\System32\\Wbem;C:\\Windows\\System32\\WindowsPowerShell\\v1.0\\;C:\\Program Files (x86)\\NVIDIA Corporation\\PhysX\\Common;C:\\Python27;C:\\Python27\\Scripts;C:\\adb;E:\\JavaBean\\lib;E:\\nodejs\\;C:\\Program Files\\Microsoft\\Web Platform Installer\\;C:\\Program Files (x86)\\Microsoft ASP.NET\\ASP.NET Web Pages\\v1.0\\;C:\\Program Files (x86)\\Windows Kits\\8.0\\Windows Performance Toolkit\\;C:\\Program Files\\Microsoft SQL Server\\110\\Tools\\Binn\\;C:\\Program Files (x86)\\GtkSharp\\2.12\\bin;E:\\javaBean\\bin;C:\\WINDOWS\\system32;C:\\WINDOWS;C:\\WINDOWS\\System32\\Wbem;C:\\WINDOWS\\System32\\WindowsPowerShell\\v1.0\\;C:\\wamp\\Wamp\\bin\\php\\php5.5.12;C:\\wamp\\Wamp\\bin\\php\\php5.5.12\\ext;E:\\PHP-Gtk2;C:\\Program Files (x86)\\Microsoft SQL Server\\100\\Tools\\Binn\\;C:\\Program Files\\Microsoft SQL Server\\100\\Tools\\Binn\\;C:\\Program Files\\Microsoft SQL Server\\100\\DTS\\Binn\\;C:\\Program Files (x86)\\Microsoft SQL Server\\100\\Tools\\Binn\\VSShell\\Common7\\IDE\\;C:\\Program Files (x86)\\Microsoft Visual Studio 9.0\\Common7\\IDE\\PrivateAssemblies\\;C:\\Program Files (x86)\\Microsoft SQL Server\\100\\DTS\\Binn\\;C:\\ProgramData\\ComposerSetup\\bin;C:\\WINDOWS\\system32\\config\\systemprofile\\AppData\\Local\\Microsoft\\WindowsApps'
    'SystemRoot' => 'C:\\WINDOWS'
    'COMSPEC' => 'C:\\WINDOWS\\system32\\cmd.exe'
    'PATHEXT' => '.COM;.EXE;.BAT;.CMD;.VBS;.VBE;.JS;.JSE;.WSF;.WSH;.MSC'
    'WINDIR' => 'C:\\WINDOWS'
    'SERVER_SIGNATURE' => '<address>Apache/2.4.9 (Win32) PHP/5.5.12 Server at huati.pc.com Port 8088</address>
'
    'SERVER_SOFTWARE' => 'Apache/2.4.9 (Win32) PHP/5.5.12'
    'SERVER_NAME' => 'huati.pc.com'
    'SERVER_ADDR' => '127.0.0.1'
    'SERVER_PORT' => '8088'
    'REMOTE_ADDR' => '127.0.0.1'
    'DOCUMENT_ROOT' => 'E:/www/APPPUAMAP/www/pc'
    'REQUEST_SCHEME' => 'http'
    'CONTEXT_PREFIX' => ''
    'CONTEXT_DOCUMENT_ROOT' => 'E:/www/APPPUAMAP/www/pc'
    'SERVER_ADMIN' => 'admin@example.com'
    'SCRIPT_FILENAME' => 'E:/www/APPPUAMAP/www/pc/index.php'
    'REMOTE_PORT' => '55506'
    'GATEWAY_INTERFACE' => 'CGI/1.1'
    'SERVER_PROTOCOL' => 'HTTP/1.1'
    'REQUEST_METHOD' => 'GET'
    'QUERY_STRING' => ''
    'REQUEST_URI' => '/'
    'SCRIPT_NAME' => '/index.php'
    'PHP_SELF' => '/index.php'
    'REQUEST_TIME_FLOAT' => 1490852529.882
    'REQUEST_TIME' => 1490852529
]
2017-03-30 07:42:09 [127.0.0.1][-][-][error][yii\web\HttpException:404] exception 'yii\base\InvalidRouteException' with message 'Unable to resolve the request "".' in E:\www\APPPUAMAP\vendor\yiisoft\yii2\base\Module.php:462
Stack trace:
#0 E:\www\APPPUAMAP\vendor\yiisoft\yii2\web\Application.php(103): yii\base\Module->runAction('', Array)
#1 E:\www\APPPUAMAP\vendor\yiisoft\yii2\base\Application.php(376): yii\web\Application->handleRequest(Object(yii\web\Request))
#2 E:\www\APPPUAMAP\www\pc\index.php(13): yii\base\Application->run()
#3 {main}

Next exception 'yii\web\NotFoundHttpException' with message '页面未找到。' in E:\www\APPPUAMAP\vendor\yiisoft\yii2\web\Application.php:115
Stack trace:
#0 E:\www\APPPUAMAP\vendor\yiisoft\yii2\base\Application.php(376): yii\web\Application->handleRequest(Object(yii\web\Request))
#1 E:\www\APPPUAMAP\www\pc\index.php(13): yii\base\Application->run()
#2 {main}
2017-03-30 07:42:09 [127.0.0.1][-][-][info][application] $_COOKIE = [
    '_csrf-frontend' => 'Y7UP6Q7PcmnqtB_HTryyZksTstwCJ8yw'
    'PHPSESSID' => 'o7icreb9mmap9dbdlu19cf3434'
]

$_SERVER = [
    'HTTP_HOST' => 'huati.pc.com:8088'
    'HTTP_USER_AGENT' => 'Mozilla/5.0 (Windows NT 10.0; WOW64; rv:52.0) Gecko/20100101 Firefox/52.0'
    'HTTP_ACCEPT' => 'text/html,application/xhtml+xml,application/xml;q=0.9,*/*;q=0.8'
    'HTTP_ACCEPT_LANGUAGE' => 'zh-CN,zh;q=0.8,en-US;q=0.5,en;q=0.3'
    'HTTP_ACCEPT_ENCODING' => 'gzip, deflate'
    'HTTP_COOKIE' => '_csrf-frontend=Y7UP6Q7PcmnqtB_HTryyZksTstwCJ8yw; PHPSESSID=o7icreb9mmap9dbdlu19cf3434'
    'HTTP_CONNECTION' => 'keep-alive'
    'HTTP_UPGRADE_INSECURE_REQUESTS' => '1'
    'HTTP_CACHE_CONTROL' => 'max-age=0'
    'PATH' => 'E:\\app\\admin\\product\\11.2.0\\dbhome_1\\bin;E:\\Program Files\\ImageMagick-7.0.3-Q16;C:\\ProgramData\\Oracle\\Java\\javapath;C:\\Program Files (x86)\\Common Files\\NetSarang;C:\\Windows\\system32;C:\\Windows;C:\\Windows\\System32\\Wbem;C:\\Windows\\System32\\WindowsPowerShell\\v1.0\\;C:\\Program Files (x86)\\NVIDIA Corporation\\PhysX\\Common;C:\\Python27;C:\\Python27\\Scripts;C:\\adb;E:\\JavaBean\\lib;E:\\nodejs\\;C:\\Program Files\\Microsoft\\Web Platform Installer\\;C:\\Program Files (x86)\\Microsoft ASP.NET\\ASP.NET Web Pages\\v1.0\\;C:\\Program Files (x86)\\Windows Kits\\8.0\\Windows Performance Toolkit\\;C:\\Program Files\\Microsoft SQL Server\\110\\Tools\\Binn\\;C:\\Program Files (x86)\\GtkSharp\\2.12\\bin;E:\\javaBean\\bin;C:\\WINDOWS\\system32;C:\\WINDOWS;C:\\WINDOWS\\System32\\Wbem;C:\\WINDOWS\\System32\\WindowsPowerShell\\v1.0\\;C:\\wamp\\Wamp\\bin\\php\\php5.5.12;C:\\wamp\\Wamp\\bin\\php\\php5.5.12\\ext;E:\\PHP-Gtk2;C:\\Program Files (x86)\\Microsoft SQL Server\\100\\Tools\\Binn\\;C:\\Program Files\\Microsoft SQL Server\\100\\Tools\\Binn\\;C:\\Program Files\\Microsoft SQL Server\\100\\DTS\\Binn\\;C:\\Program Files (x86)\\Microsoft SQL Server\\100\\Tools\\Binn\\VSShell\\Common7\\IDE\\;C:\\Program Files (x86)\\Microsoft Visual Studio 9.0\\Common7\\IDE\\PrivateAssemblies\\;C:\\Program Files (x86)\\Microsoft SQL Server\\100\\DTS\\Binn\\;C:\\ProgramData\\ComposerSetup\\bin;C:\\WINDOWS\\system32\\config\\systemprofile\\AppData\\Local\\Microsoft\\WindowsApps'
    'SystemRoot' => 'C:\\WINDOWS'
    'COMSPEC' => 'C:\\WINDOWS\\system32\\cmd.exe'
    'PATHEXT' => '.COM;.EXE;.BAT;.CMD;.VBS;.VBE;.JS;.JSE;.WSF;.WSH;.MSC'
    'WINDIR' => 'C:\\WINDOWS'
    'SERVER_SIGNATURE' => '<address>Apache/2.4.9 (Win32) PHP/5.5.12 Server at huati.pc.com Port 8088</address>
'
    'SERVER_SOFTWARE' => 'Apache/2.4.9 (Win32) PHP/5.5.12'
    'SERVER_NAME' => 'huati.pc.com'
    'SERVER_ADDR' => '127.0.0.1'
    'SERVER_PORT' => '8088'
    'REMOTE_ADDR' => '127.0.0.1'
    'DOCUMENT_ROOT' => 'E:/www/APPPUAMAP/www/pc'
    'REQUEST_SCHEME' => 'http'
    'CONTEXT_PREFIX' => ''
    'CONTEXT_DOCUMENT_ROOT' => 'E:/www/APPPUAMAP/www/pc'
    'SERVER_ADMIN' => 'admin@example.com'
    'SCRIPT_FILENAME' => 'E:/www/APPPUAMAP/www/pc/index.php'
    'REMOTE_PORT' => '55507'
    'GATEWAY_INTERFACE' => 'CGI/1.1'
    'SERVER_PROTOCOL' => 'HTTP/1.1'
    'REQUEST_METHOD' => 'GET'
    'QUERY_STRING' => ''
    'REQUEST_URI' => '/'
    'SCRIPT_NAME' => '/index.php'
    'PHP_SELF' => '/index.php'
    'REQUEST_TIME_FLOAT' => 1490852529.913
    'REQUEST_TIME' => 1490852529
]
